<?xml version="1.0" encoding="UTF-8"?>
<testsuite xmlns:xsi="http://www.w3.org/2001/XMLSchema-instance" xsi:noNamespaceSchemaLocation="https://maven.apache.org/surefire/maven-surefire-plugin/xsd/surefire-test-report-3.0.xsd" version="3.0" name="jankdb.JankDBTest" time="0.059" tests="33" errors="0" skipped="0" failures="0">
  <properties>
    <property name="java.specification.version" value="21"/>
    <property name="sun.jnu.encoding" value="UTF-8"/>
    <property name="java.class.path" value="/mnt/Storage/VSCode/JavaProjects/JankDB/target/test-classes:/mnt/Storage/VSCode/JavaProjects/JankDB/target/classes:/home/Olinezko/.m2/repository/org/junit/jupiter/junit-jupiter/5.10.0/junit-jupiter-5.10.0.jar:/home/Olinezko/.m2/repository/org/junit/jupiter/junit-jupiter-api/5.10.0/junit-jupiter-api-5.10.0.jar:/home/Olinezko/.m2/repository/org/opentest4j/opentest4j/1.3.0/opentest4j-1.3.0.jar:/home/Olinezko/.m2/repository/org/junit/platform/junit-platform-commons/1.10.0/junit-platform-commons-1.10.0.jar:/home/Olinezko/.m2/repository/org/apiguardian/apiguardian-api/1.1.2/apiguardian-api-1.1.2.jar:/home/Olinezko/.m2/repository/org/junit/jupiter/junit-jupiter-params/5.10.0/junit-jupiter-params-5.10.0.jar:/home/Olinezko/.m2/repository/org/junit/jupiter/junit-jupiter-engine/5.10.0/junit-jupiter-engine-5.10.0.jar:/home/Olinezko/.m2/repository/org/junit/platform/junit-platform-engine/1.10.0/junit-platform-engine-1.10.0.jar:"/>
    <property name="java.vm.vendor" value="Arch Linux"/>
    <property name="sun.arch.data.model" value="64"/>
    <property name="java.vendor.url" value="https://openjdk.org/"/>
    <property name="os.name" value="Linux"/>
    <property name="java.vm.specification.version" value="21"/>
    <property name="sun.java.launcher" value="SUN_STANDARD"/>
    <property name="sun.boot.library.path" value="/usr/lib/jvm/java-21-openjdk/lib"/>
    <property name="sun.java.command" value="/mnt/Storage/VSCode/JavaProjects/JankDB/target/surefire/surefirebooter-20250417170337532_3.jar /mnt/Storage/VSCode/JavaProjects/JankDB/target/surefire 2025-04-17T17-03-37_485-jvmRun1 surefire-20250417170337532_1tmp surefire_0-20250417170337532_2tmp"/>
    <property name="jdk.debug" value="release"/>
    <property name="surefire.test.class.path" value="/mnt/Storage/VSCode/JavaProjects/JankDB/target/test-classes:/mnt/Storage/VSCode/JavaProjects/JankDB/target/classes:/home/Olinezko/.m2/repository/org/junit/jupiter/junit-jupiter/5.10.0/junit-jupiter-5.10.0.jar:/home/Olinezko/.m2/repository/org/junit/jupiter/junit-jupiter-api/5.10.0/junit-jupiter-api-5.10.0.jar:/home/Olinezko/.m2/repository/org/opentest4j/opentest4j/1.3.0/opentest4j-1.3.0.jar:/home/Olinezko/.m2/repository/org/junit/platform/junit-platform-commons/1.10.0/junit-platform-commons-1.10.0.jar:/home/Olinezko/.m2/repository/org/apiguardian/apiguardian-api/1.1.2/apiguardian-api-1.1.2.jar:/home/Olinezko/.m2/repository/org/junit/jupiter/junit-jupiter-params/5.10.0/junit-jupiter-params-5.10.0.jar:/home/Olinezko/.m2/repository/org/junit/jupiter/junit-jupiter-engine/5.10.0/junit-jupiter-engine-5.10.0.jar:/home/Olinezko/.m2/repository/org/junit/platform/junit-platform-engine/1.10.0/junit-platform-engine-1.10.0.jar:"/>
    <property name="sun.cpu.endian" value="little"/>
    <property name="user.home" value="/home/Olinezko"/>
    <property name="user.language" value="en"/>
    <property name="java.specification.vendor" value="Oracle Corporation"/>
    <property name="java.version.date" value="2025-04-15"/>
    <property name="java.home" value="/usr/lib/jvm/java-21-openjdk"/>
    <property name="file.separator" value="/"/>
    <property name="basedir" value="/mnt/Storage/VSCode/JavaProjects/JankDB"/>
    <property name="java.vm.compressedOopsMode" value="Zero based"/>
    <property name="line.separator" value="&#10;"/>
    <property name="java.vm.specification.vendor" value="Oracle Corporation"/>
    <property name="java.specification.name" value="Java Platform API Specification"/>
    <property name="surefire.real.class.path" value="/mnt/Storage/VSCode/JavaProjects/JankDB/target/surefire/surefirebooter-20250417170337532_3.jar"/>
    <property name="sun.management.compiler" value="HotSpot 64-Bit Tiered Compilers"/>
    <property name="java.runtime.version" value="21.0.7+6"/>
    <property name="user.name" value="Olinezko"/>
    <property name="stdout.encoding" value="UTF-8"/>
    <property name="path.separator" value=":"/>
    <property name="os.version" value="6.14.2-arch1-1"/>
    <property name="java.runtime.name" value="OpenJDK Runtime Environment"/>
    <property name="file.encoding" value="UTF-8"/>
    <property name="java.vm.name" value="OpenJDK 64-Bit Server VM"/>
    <property name="localRepository" value="/home/Olinezko/.m2/repository"/>
    <property name="java.vendor.url.bug" value="https://bugreport.java.com/bugreport/"/>
    <property name="java.io.tmpdir" value="/tmp"/>
    <property name="java.version" value="21.0.7"/>
    <property name="user.dir" value="/mnt/Storage/VSCode/JavaProjects/JankDB"/>
    <property name="os.arch" value="amd64"/>
    <property name="java.vm.specification.name" value="Java Virtual Machine Specification"/>
    <property name="native.encoding" value="UTF-8"/>
    <property name="java.library.path" value="/usr/java/packages/lib:/usr/lib64:/lib64:/lib:/usr/lib"/>
    <property name="stderr.encoding" value="UTF-8"/>
    <property name="java.vm.info" value="mixed mode, sharing"/>
    <property name="java.vendor" value="Arch Linux"/>
    <property name="java.vm.version" value="21.0.7+6"/>
    <property name="sun.io.unicode.encoding" value="UnicodeLittle"/>
    <property name="java.class.version" value="65.0"/>
  </properties>
  <testcase name="testRecordSerializesToStringCorrectly" classname="jankdb.JankDBTest" time="0.014"/>
  <testcase name="testRecordIgnoresEmptyFields" classname="jankdb.JankDBTest" time="0.001"/>
  <testcase name="testRecordCanBeCreatedFromMap" classname="jankdb.JankDBTest" time="0.0"/>
  <testcase name="testDBFileCanSetLabel" classname="jankdb.JankDBTest" time="0.001"/>
  <testcase name="testTableCanGetEmptyRecords" classname="jankdb.JankDBTest" time="0.001"/>
  <testcase name="testRecordHandlesTrailingSemicolonGracefully" classname="jankdb.JankDBTest" time="0.0"/>
  <testcase name="testDBFileStoresAccurately" classname="jankdb.JankDBTest" time="0.006"/>
  <testcase name="testTableCanGetSize" classname="jankdb.JankDBTest" time="0.001"/>
  <testcase name="testTableCanSave" classname="jankdb.JankDBTest" time="0.001"/>
  <testcase name="testDBFileHasFilePathIsValid" classname="jankdb.JankDBTest" time="0.001"/>
  <testcase name="testRecordCanBeCreatedEmpty" classname="jankdb.JankDBTest" time="0.0"/>
  <testcase name="testTableCanRemoveRecords" classname="jankdb.JankDBTest" time="0.0"/>
  <testcase name="testTableCanLoadAccurately" classname="jankdb.JankDBTest" time="0.0"/>
  <testcase name="testDBFileHasLabelIsValid" classname="jankdb.JankDBTest" time="0.0"/>
  <testcase name="testDBFileHasLabelConstructor" classname="jankdb.JankDBTest" time="0.001"/>
  <testcase name="testTableConstructs" classname="jankdb.JankDBTest" time="0.001"/>
  <testcase name="testRecordSerializationIsReversible" classname="jankdb.JankDBTest" time="0.0"/>
  <testcase name="testRecordDeserializesFromString" classname="jankdb.JankDBTest" time="0.001"/>
  <testcase name="testDBFileaHasData" classname="jankdb.JankDBTest" time="0.001"/>
  <testcase name="testDBFileCanSetFilePath" classname="jankdb.JankDBTest" time="0.0"/>
  <testcase name="testTableCanAddRecord" classname="jankdb.JankDBTest" time="0.0"/>
  <testcase name="testTableFindByNonexistentKeyReturnsEmpty" classname="jankdb.JankDBTest" time="0.001"/>
  <testcase name="testDBFileHasFullFilePathIsValid" classname="jankdb.JankDBTest" time="0.0"/>
  <testcase name="testTableCanUpdateRecord" classname="jankdb.JankDBTest" time="0.0"/>
  <testcase name="testTableFindByKeyWithNoMatchReturnsEmpty" classname="jankdb.JankDBTest" time="0.0"/>
  <testcase name="testTableCanFindByKey" classname="jankdb.JankDBTest" time="0.001"/>
  <testcase name="testDBFileaCanAddData" classname="jankdb.JankDBTest" time="0.0"/>
  <testcase name="testTableCanSaveAccurately" classname="jankdb.JankDBTest" time="0.0"/>
  <testcase name="testTableUpdateOutOfBoundsDoesNothing" classname="jankdb.JankDBTest" time="0.0"/>
  <testcase name="testDBFileCanStoreFile" classname="jankdb.JankDBTest" time="0.001"/>
  <testcase name="testDBFileCanDeleteData" classname="jankdb.JankDBTest" time="0.001"/>
  <testcase name="testDBFileExists" classname="jankdb.JankDBTest" time="0.0"/>
  <testcase name="testDBFileHasFilePathConstructor" classname="jankdb.JankDBTest" time="0.0"/>
</testsuite>